[2m[36m(pid=18088)[0m /Users/kahingleung/PycharmProjects/timeseries/All_Functions_Master_File.py:168: RuntimeWarning: Mean of empty slice.
[2m[36m(pid=18088)[0m   Data[i, where] = (Data[i - lookback + 1:i + 1, close].mean())
[2m[36m(pid=18088)[0m /Users/kahingleung/PycharmProjects/timeseries/venv/lib/python3.8/site-packages/numpy/core/_methods.py:189: RuntimeWarning: invalid value encountered in double_scalars
[2m[36m(pid=18088)[0m   ret = ret.dtype.type(ret / rcount)
['BTCUSDT']
[2m[36m(f pid=18088)[0m Initial log joint probability = -23.6947
[2m[36m(f pid=18088)[0m     Iter      log prob        ||dx||      ||grad||       alpha      alpha0  # evals  Notes 
[2m[36m(f pid=18088)[0m       99       2322.71    0.00759417       411.042      0.3822      0.3822      117   
[2m[36m(f pid=18088)[0m     Iter      log prob        ||dx||      ||grad||       alpha      alpha0  # evals  Notes 
[2m[36m(f pid=18088)[0m      165       2330.32   0.000461007       114.788   1.235e-06       0.001      229  LS failed, Hessian reset 
[2m[36m(f pid=18088)[0m      199       2334.48    0.00132548       79.6946           1           1      272   
[2m[36m(f pid=18088)[0m     Iter      log prob        ||dx||      ||grad||       alpha      alpha0  # evals  Notes 
[2m[36m(f pid=18088)[0m      299       2347.09     0.0193025       795.406           1           1      392   
[2m[36m(f pid=18088)[0m     Iter      log prob        ||dx||      ||grad||       alpha      alpha0  # evals  Notes 
[2m[36m(f pid=18088)[0m      399       2360.42     0.0684741       149.524      0.4746           1      506   
[2m[36m(f pid=18088)[0m     Iter      log prob        ||dx||      ||grad||       alpha      alpha0  # evals  Notes 
[2m[36m(f pid=18088)[0m      425        2362.6   0.000171738       94.3973   1.467e-06       0.001      582  LS failed, Hessian reset 
[2m[36m(f pid=18088)[0m      457       2363.68    0.00126302       152.934   1.592e-05       0.001      658  LS failed, Hessian reset 
[2m[36m(f pid=18088)[0m      499       2364.16   1.48945e-05       80.7904      0.3054           1      716   
[2m[36m(f pid=18088)[0m     Iter      log prob        ||dx||      ||grad||       alpha      alpha0  # evals  Notes 
[2m[36m(f pid=18088)[0m      554       2364.29   1.46942e-05       60.9258   1.978e-07       0.001      823  LS failed, Hessian reset 
[2m[36m(f pid=18088)[0m      595       2364.29   9.51394e-08       66.5072      0.6568      0.6568      879   
[2m[36m(f pid=18088)[0m Optimization terminated normally: 
[2m[36m(f pid=18088)[0m   Convergence detected: relative gradient magnitude is below tolerance
[2m[36m(f pid=18088)[0m prediction BTCUSDT 42.843694643624964 [53.83928633 54.60899179 55.20518353 55.79684762 56.10573013]
[2m[36m(f pid=18088)[0m btc balance:  0.0
[2m[36m(f pid=18088)[0m usdt balance:  
[2m[36m(f pid=18088)[0m 127.71
         DATE    Asset  signal  take_profit  stop_loss
0  2022-01-03  BTCUSDT       0            0          0
[2m[36m(f pid=18088)[0m 47304.63 0.001
[2m[36m(f pid=18088)[0m [{'symbol': 'BTCUSDT', 'makerCommission': '0.001', 'takerCommission': '0.001'}]
